[2020-04-13 18:02:59 -0500] [9761] [INFO] Starting gunicorn 20.0.4
[2020-04-13 18:02:59 -0500] [9761] [INFO] Listening at: unix:/tmp/gunicorn1.sock (9761)
[2020-04-13 18:02:59 -0500] [9761] [INFO] Using worker: sync
[2020-04-13 18:02:59 -0500] [9776] [INFO] Booting worker with pid: 9776
[2020-04-13 18:02:59 -0500] [9791] [INFO] Booting worker with pid: 9791
[2020-04-13 18:02:59 -0500] [9792] [INFO] Booting worker with pid: 9792
[2020-04-13 18:02:59 -0500] [9793] [INFO] Booting worker with pid: 9793
[2020-04-13 18:02:59 -0500] [9794] [INFO] Booting worker with pid: 9794
[2020-04-13 18:02:59 -0500] [9795] [INFO] Booting worker with pid: 9795
[2020-04-13 18:03:00 -0500] [9796] [INFO] Booting worker with pid: 9796
[2020-04-13 18:03:00 -0500] [9797] [INFO] Booting worker with pid: 9797
[2020-04-13 18:03:00 -0500] [9798] [INFO] Booting worker with pid: 9798
[2020-04-17 13:59:11 -0500] [9761] [CRITICAL] WORKER TIMEOUT (pid:9776)
[2020-04-17 13:59:11 -0500] [9761] [CRITICAL] WORKER TIMEOUT (pid:9791)
[2020-04-17 13:59:11 -0500] [9761] [CRITICAL] WORKER TIMEOUT (pid:9792)
[2020-04-17 13:59:11 -0500] [9761] [CRITICAL] WORKER TIMEOUT (pid:9793)
[2020-04-17 13:59:11 -0500] [9761] [CRITICAL] WORKER TIMEOUT (pid:9794)
[2020-04-17 13:59:11 -0500] [9761] [CRITICAL] WORKER TIMEOUT (pid:9795)
[2020-04-17 13:59:11 -0500] [9761] [CRITICAL] WORKER TIMEOUT (pid:9796)
[2020-04-17 13:59:11 -0500] [9761] [CRITICAL] WORKER TIMEOUT (pid:9797)
[2020-04-17 13:59:11 -0500] [9761] [CRITICAL] WORKER TIMEOUT (pid:9798)
[2020-04-17 18:59:12 +0000] [9791] [INFO] Worker exiting (pid: 9791)
[2020-04-17 18:59:12 +0000] [9792] [INFO] Worker exiting (pid: 9792)
[2020-04-17 18:59:12 +0000] [9776] [INFO] Worker exiting (pid: 9776)
[2020-04-17 18:59:12 +0000] [9794] [INFO] Worker exiting (pid: 9794)
[2020-04-17 18:59:12 +0000] [9795] [INFO] Worker exiting (pid: 9795)
[2020-04-17 18:59:12 +0000] [9797] [INFO] Worker exiting (pid: 9797)
[2020-04-17 18:59:12 +0000] [9793] [INFO] Worker exiting (pid: 9793)
[2020-04-17 18:59:12 +0000] [9798] [INFO] Worker exiting (pid: 9798)
[2020-04-17 18:59:12 +0000] [9796] [INFO] Worker exiting (pid: 9796)
[2020-04-17 13:59:13 -0500] [27563] [INFO] Booting worker with pid: 27563
[2020-04-17 13:59:13 -0500] [27564] [INFO] Booting worker with pid: 27564
[2020-04-17 13:59:13 -0500] [27570] [INFO] Booting worker with pid: 27570
[2020-04-17 13:59:13 -0500] [27569] [INFO] Booting worker with pid: 27569
[2020-04-17 13:59:13 -0500] [27572] [INFO] Booting worker with pid: 27572
[2020-04-17 13:59:13 -0500] [27573] [INFO] Booting worker with pid: 27573
[2020-04-17 13:59:13 -0500] [27575] [INFO] Booting worker with pid: 27575
[2020-04-17 13:59:13 -0500] [27577] [INFO] Booting worker with pid: 27577
[2020-04-17 13:59:13 -0500] [27582] [INFO] Booting worker with pid: 27582
[2020-04-20 11:23:46 -0500] [9761] [CRITICAL] WORKER TIMEOUT (pid:27563)
[2020-04-20 11:23:46 -0500] [9761] [CRITICAL] WORKER TIMEOUT (pid:27564)
[2020-04-20 11:23:46 -0500] [9761] [CRITICAL] WORKER TIMEOUT (pid:27569)
[2020-04-20 11:23:46 -0500] [9761] [CRITICAL] WORKER TIMEOUT (pid:27570)
[2020-04-20 11:23:46 -0500] [9761] [CRITICAL] WORKER TIMEOUT (pid:27573)
[2020-04-20 11:23:46 -0500] [9761] [CRITICAL] WORKER TIMEOUT (pid:27577)
[2020-04-20 11:23:46 -0500] [9761] [CRITICAL] WORKER TIMEOUT (pid:27582)
[2020-04-20 11:23:48 -0500] [28311] [INFO] Booting worker with pid: 28311
[2020-04-20 11:23:48 -0500] [28314] [INFO] Booting worker with pid: 28314
[2020-04-20 11:23:48 -0500] [28316] [INFO] Booting worker with pid: 28316
[2020-04-20 11:23:48 -0500] [28317] [INFO] Booting worker with pid: 28317
[2020-04-20 11:23:48 -0500] [28323] [INFO] Booting worker with pid: 28323
[2020-04-20 11:23:48 -0500] [28326] [INFO] Booting worker with pid: 28326
[2020-04-20 11:23:48 -0500] [28328] [INFO] Booting worker with pid: 28328
[2020-04-21 23:53:41 -0500] [9761] [CRITICAL] WORKER TIMEOUT (pid:27572)
[2020-04-21 23:53:41 -0500] [9761] [CRITICAL] WORKER TIMEOUT (pid:27575)
[2020-04-21 23:53:41 -0500] [9761] [CRITICAL] WORKER TIMEOUT (pid:28311)
[2020-04-21 23:53:41 -0500] [9761] [CRITICAL] WORKER TIMEOUT (pid:28314)
[2020-04-21 23:53:41 -0500] [9761] [CRITICAL] WORKER TIMEOUT (pid:28316)
[2020-04-21 23:53:41 -0500] [9761] [CRITICAL] WORKER TIMEOUT (pid:28317)
[2020-04-21 23:53:41 -0500] [9761] [CRITICAL] WORKER TIMEOUT (pid:28326)
[2020-04-21 23:53:41 -0500] [9761] [CRITICAL] WORKER TIMEOUT (pid:28328)
[2020-04-22 04:53:42 +0000] [28326] [INFO] Worker exiting (pid: 28326)
[2020-04-21 23:53:43 -0500] [584] [INFO] Booting worker with pid: 584
[2020-04-21 23:53:43 -0500] [587] [INFO] Booting worker with pid: 587
[2020-04-21 23:53:43 -0500] [591] [INFO] Booting worker with pid: 591
[2020-04-21 23:53:43 -0500] [593] [INFO] Booting worker with pid: 593
[2020-04-21 23:53:43 -0500] [596] [INFO] Booting worker with pid: 596
[2020-04-21 23:53:43 -0500] [602] [INFO] Booting worker with pid: 602
[2020-04-21 23:53:43 -0500] [603] [INFO] Booting worker with pid: 603
[2020-04-21 23:53:43 -0500] [605] [INFO] Booting worker with pid: 605
[2020-04-21 23:54:28 -0500] [9761] [CRITICAL] WORKER TIMEOUT (pid:28323)
[2020-04-22 04:54:28 +0000] [28323] [INFO] Worker exiting (pid: 28323)
[2020-04-21 23:54:29 -0500] [1371] [INFO] Booting worker with pid: 1371
[2020-04-21 23:54:31 -0500] [9761] [CRITICAL] WORKER TIMEOUT (pid:584)
[2020-04-21 23:54:31 -0500] [9761] [CRITICAL] WORKER TIMEOUT (pid:587)
[2020-04-21 23:54:31 -0500] [9761] [CRITICAL] WORKER TIMEOUT (pid:591)
[2020-04-21 23:54:31 -0500] [9761] [CRITICAL] WORKER TIMEOUT (pid:593)
[2020-04-21 23:54:31 -0500] [9761] [CRITICAL] WORKER TIMEOUT (pid:596)
[2020-04-21 23:54:31 -0500] [9761] [CRITICAL] WORKER TIMEOUT (pid:602)
[2020-04-22 04:54:31 +0000] [587] [INFO] Worker exiting (pid: 587)
[2020-04-22 04:54:31 +0000] [584] [INFO] Worker exiting (pid: 584)
[2020-04-21 23:54:31 -0500] [9761] [CRITICAL] WORKER TIMEOUT (pid:603)
[2020-04-22 04:54:31 +0000] [591] [INFO] Worker exiting (pid: 591)
[2020-04-21 23:54:31 -0500] [9761] [CRITICAL] WORKER TIMEOUT (pid:605)
[2020-04-22 04:54:31 +0000] [593] [INFO] Worker exiting (pid: 593)
[2020-04-22 04:54:31 +0000] [605] [INFO] Worker exiting (pid: 605)
[2020-04-22 04:54:31 +0000] [603] [INFO] Worker exiting (pid: 603)
[2020-04-22 04:54:31 +0000] [602] [INFO] Worker exiting (pid: 602)
[2020-04-22 04:54:31 +0000] [596] [INFO] Worker exiting (pid: 596)
[2020-04-21 23:54:31 -0500] [1377] [INFO] Booting worker with pid: 1377
[2020-04-21 23:54:31 -0500] [1378] [INFO] Booting worker with pid: 1378
[2020-04-21 23:54:31 -0500] [1380] [INFO] Booting worker with pid: 1380
[2020-04-21 23:54:31 -0500] [1381] [INFO] Booting worker with pid: 1381
[2020-04-21 23:54:31 -0500] [1382] [INFO] Booting worker with pid: 1382
[2020-04-21 23:54:31 -0500] [1383] [INFO] Booting worker with pid: 1383
[2020-04-21 23:54:31 -0500] [1384] [INFO] Booting worker with pid: 1384
[2020-04-21 23:54:31 -0500] [1385] [INFO] Booting worker with pid: 1385
[2020-04-27 09:49:23 -0500] [9761] [CRITICAL] WORKER TIMEOUT (pid:1371)
[2020-04-27 09:49:23 -0500] [9761] [CRITICAL] WORKER TIMEOUT (pid:1377)
[2020-04-27 09:49:23 -0500] [9761] [CRITICAL] WORKER TIMEOUT (pid:1378)
[2020-04-27 09:49:23 -0500] [9761] [CRITICAL] WORKER TIMEOUT (pid:1380)
[2020-04-27 09:49:23 -0500] [9761] [CRITICAL] WORKER TIMEOUT (pid:1381)
[2020-04-27 09:49:23 -0500] [9761] [CRITICAL] WORKER TIMEOUT (pid:1382)
[2020-04-27 09:49:23 -0500] [9761] [CRITICAL] WORKER TIMEOUT (pid:1383)
[2020-04-27 09:49:23 -0500] [9761] [CRITICAL] WORKER TIMEOUT (pid:1384)
[2020-04-27 09:49:23 -0500] [9761] [CRITICAL] WORKER TIMEOUT (pid:1385)
[2020-04-27 14:49:24 +0000] [1380] [INFO] Worker exiting (pid: 1380)
[2020-04-27 14:49:24 +0000] [1383] [INFO] Worker exiting (pid: 1383)
[2020-04-27 14:49:24 +0000] [1382] [INFO] Worker exiting (pid: 1382)
[2020-04-27 09:49:25 -0500] [7939] [INFO] Booting worker with pid: 7939
[2020-04-27 09:49:25 -0500] [7945] [INFO] Booting worker with pid: 7945
[2020-04-27 09:49:25 -0500] [7943] [INFO] Booting worker with pid: 7943
[2020-04-27 09:49:25 -0500] [7946] [INFO] Booting worker with pid: 7946
[2020-04-27 09:49:25 -0500] [7950] [INFO] Booting worker with pid: 7950
[2020-04-27 09:49:25 -0500] [7954] [INFO] Booting worker with pid: 7954
[2020-04-27 09:49:25 -0500] [7958] [INFO] Booting worker with pid: 7958
[2020-04-27 09:49:25 -0500] [7963] [INFO] Booting worker with pid: 7963
[2020-04-27 09:49:25 -0500] [7966] [INFO] Booting worker with pid: 7966
[2020-04-27 11:53:11 -0500] [9761] [CRITICAL] WORKER TIMEOUT (pid:7939)
[2020-04-27 11:53:11 -0500] [9761] [CRITICAL] WORKER TIMEOUT (pid:7943)
[2020-04-27 11:53:11 -0500] [9761] [CRITICAL] WORKER TIMEOUT (pid:7945)
[2020-04-27 11:53:11 -0500] [9761] [CRITICAL] WORKER TIMEOUT (pid:7946)
[2020-04-27 16:53:11 +0000] [7939] [INFO] Worker exiting (pid: 7939)
[2020-04-27 11:53:11 -0500] [9761] [CRITICAL] WORKER TIMEOUT (pid:7950)
[2020-04-27 16:53:11 +0000] [7943] [INFO] Worker exiting (pid: 7943)
[2020-04-27 11:53:11 -0500] [9761] [CRITICAL] WORKER TIMEOUT (pid:7954)
[2020-04-27 11:53:11 -0500] [9761] [CRITICAL] WORKER TIMEOUT (pid:7958)
[2020-04-27 11:53:11 -0500] [9761] [CRITICAL] WORKER TIMEOUT (pid:7963)
[2020-04-27 11:53:11 -0500] [9761] [CRITICAL] WORKER TIMEOUT (pid:7966)
[2020-04-27 16:53:11 +0000] [7954] [INFO] Worker exiting (pid: 7954)
[2020-04-27 16:53:11 +0000] [7946] [INFO] Worker exiting (pid: 7946)
[2020-04-27 16:53:11 +0000] [7945] [INFO] Worker exiting (pid: 7945)
[2020-04-27 16:53:11 +0000] [7950] [INFO] Worker exiting (pid: 7950)
[2020-04-27 16:53:11 +0000] [7958] [INFO] Worker exiting (pid: 7958)
[2020-04-27 16:53:11 +0000] [7963] [INFO] Worker exiting (pid: 7963)
[2020-04-27 16:53:11 +0000] [7966] [INFO] Worker exiting (pid: 7966)
[2020-04-27 11:53:12 -0500] [11597] [INFO] Booting worker with pid: 11597
[2020-04-27 11:53:12 -0500] [11610] [INFO] Booting worker with pid: 11610
[2020-04-27 11:53:12 -0500] [11615] [INFO] Booting worker with pid: 11615
[2020-04-27 11:53:12 -0500] [11619] [INFO] Booting worker with pid: 11619
[2020-04-27 11:53:12 -0500] [11622] [INFO] Booting worker with pid: 11622
[2020-04-27 11:53:12 -0500] [11625] [INFO] Booting worker with pid: 11625
[2020-04-27 11:53:12 -0500] [11628] [INFO] Booting worker with pid: 11628
[2020-04-27 11:53:12 -0500] [11630] [INFO] Booting worker with pid: 11630
[2020-04-27 11:53:12 -0500] [11632] [INFO] Booting worker with pid: 11632
